# JRE version: Java(TM) SE Runtime Environment (21.0.4+8) (build 21.0.4+8-LTS-274)
# Java VM: Java HotSpot(TM) 64-Bit Server VM (21.0.4+8-LTS-274, mixed mode, emulated-client, sharing, tiered, compressed oops, compressed class ptrs, g1 gc, windows-amd64)
GC Precious Log:
 CardTable entry size: 512
 Card Set container configuration: InlinePtr #cards 5 size 8 Array Of Cards #cards 12 size 40 Howl #buckets 4 coarsen threshold 1843 Howl Bitmap #cards 512 size 80 coarsen threshold 460 Card regions per heap region 1 cards per card region 2048
 CPUs: 4 total, 4 available
 Memory: 8051M
 Large Page Support: Disabled
 NUMA Support: Disabled
 Compressed Oops: Enabled (32-bit)
 Heap Region Size: 1M
 Heap Min Capacity: 8M
 Heap Initial Capacity: 126M
 Heap Max Capacity: 2014M
 Pre-touch: Disabled
 Parallel Workers: 4
 Concurrent Workers: 1
 Concurrent Refinement Workers: 4
 Periodic GC: Disabled
Heap:
 garbage-first heap   total 53248K, used 33946K [0x0000000082200000, 0x0000000100000000)
  region size 1024K, 4 young (4096K), 2 survivors (2048K)
 Metaspace       used 47514K, committed 48192K, reserved 1114112K
  class space    used 6609K, committed 6912K, reserved 1048576K
GC Heap History (20 events):
Event: 41.403 GC heap before
{Heap before GC invocations=11 (full 0):
 garbage-first heap   total 48128K, used 25597K [0x0000000082200000, 0x0000000100000000)
  region size 1024K, 6 young (6144K), 3 survivors (3072K)
 Metaspace       used 35452K, committed 35968K, reserved 1114112K
  class space    used 4729K, committed 4992K, reserved 1048576K
}
Event: 41.413 GC heap after
{Heap after GC invocations=12 (full 0):
 garbage-first heap   total 48128K, used 24053K [0x0000000082200000, 0x0000000100000000)
  region size 1024K, 2 young (2048K), 2 survivors (2048K)
 Metaspace       used 35452K, committed 35968K, reserved 1114112K
  class space    used 4729K, committed 4992K, reserved 1048576K
}
Event: 42.693 GC heap before
{Heap before GC invocations=13 (full 0):
 garbage-first heap   total 48128K, used 41461K [0x0000000082200000, 0x0000000100000000)
  region size 1024K, 19 young (19456K), 2 survivors (2048K)
 Metaspace       used 36628K, committed 37184K, reserved 1114112K
  class space    used 4943K, committed 5184K, reserved 1048576K
}
Event: 42.703 GC heap after
{Heap after GC invocations=14 (full 0):
 garbage-first heap   total 48128K, used 25201K [0x0000000082200000, 0x0000000100000000)
  region size 1024K, 3 young (3072K), 3 survivors (3072K)
 Metaspace       used 36628K, committed 37184K, reserved 1114112K
  class space    used 4943K, committed 5184K, reserved 1048576K
}
Event: 44.658 GC heap before
{Heap before GC invocations=14 (full 0):
 garbage-first heap   total 48128K, used 41585K [0x0000000082200000, 0x0000000100000000)
  region size 1024K, 19 young (19456K), 3 survivors (3072K)
 Metaspace       used 39774K, committed 40384K, reserved 1114112K
  class space    used 5419K, committed 5696K, reserved 1048576K
}
Event: 44.675 GC heap after
{Heap after GC invocations=15 (full 0):
 garbage-first heap   total 48128K, used 25405K [0x0000000082200000, 0x0000000100000000)
  region size 1024K, 3 young (3072K), 3 survivors (3072K)
 Metaspace       used 39774K, committed 40384K, reserved 1114112K
  class space    used 5419K, committed 5696K, reserved 1048576K
}
Event: 46.371 GC heap before
{Heap before GC invocations=15 (full 0):
 garbage-first heap   total 48128K, used 41789K [0x0000000082200000, 0x0000000100000000)
  region size 1024K, 19 young (19456K), 3 survivors (3072K)
 Metaspace       used 41989K, committed 42624K, reserved 1114112K
  class space    used 5785K, committed 6080K, reserved 1048576K
}
Event: 46.379 GC heap after
{Heap after GC invocations=16 (full 0):
 garbage-first heap   total 48128K, used 26938K [0x0000000082200000, 0x0000000100000000)
  region size 1024K, 3 young (3072K), 3 survivors (3072K)
 Metaspace       used 41989K, committed 42624K, reserved 1114112K
  class space    used 5785K, committed 6080K, reserved 1048576K
}
Event: 47.114 GC heap before
{Heap before GC invocations=17 (full 0):
 garbage-first heap   total 51200K, used 41274K [0x0000000082200000, 0x0000000100000000)
  region size 1024K, 17 young (17408K), 3 survivors (3072K)
 Metaspace       used 42717K, committed 43392K, reserved 1114112K
  class space    used 5913K, committed 6208K, reserved 1048576K
}
Event: 47.121 GC heap after
{Heap after GC invocations=18 (full 0):
 garbage-first heap   total 51200K, used 28512K [0x0000000082200000, 0x0000000100000000)
  region size 1024K, 2 young (2048K), 2 survivors (2048K)
 Metaspace       used 42717K, committed 43392K, reserved 1114112K
  class space    used 5913K, committed 6208K, reserved 1048576K
}
Event: 48.221 GC heap before
{Heap before GC invocations=18 (full 0):
 garbage-first heap   total 51200K, used 44896K [0x0000000082200000, 0x0000000100000000)
  region size 1024K, 18 young (18432K), 2 survivors (2048K)
 Metaspace       used 43976K, committed 44608K, reserved 1114112K
  class space    used 6083K, committed 6336K, reserved 1048576K
}
Event: 48.227 GC heap after
{Heap after GC invocations=19 (full 0):
 garbage-first heap   total 51200K, used 28733K [0x0000000082200000, 0x0000000100000000)
  region size 1024K, 3 young (3072K), 3 survivors (3072K)
 Metaspace       used 43976K, committed 44608K, reserved 1114112K
  class space    used 6083K, committed 6336K, reserved 1048576K
}
Event: 49.694 GC heap before
{Heap before GC invocations=19 (full 0):
 garbage-first heap   total 51200K, used 44093K [0x0000000082200000, 0x0000000100000000)
  region size 1024K, 18 young (18432K), 3 survivors (3072K)
 Metaspace       used 45016K, committed 45632K, reserved 1114112K
  class space    used 6224K, committed 6464K, reserved 1048576K
}
Event: 49.706 GC heap after
{Heap after GC invocations=20 (full 0):
 garbage-first heap   total 51200K, used 30260K [0x0000000082200000, 0x0000000100000000)
  region size 1024K, 3 young (3072K), 3 survivors (3072K)
 Metaspace       used 45016K, committed 45632K, reserved 1114112K
  class space    used 6224K, committed 6464K, reserved 1048576K
}
Event: 53.512 GC heap before
{Heap before GC invocations=21 (full 0):
 garbage-first heap   total 53248K, used 43572K [0x0000000082200000, 0x0000000100000000)
  region size 1024K, 16 young (16384K), 3 survivors (3072K)
 Metaspace       used 46108K, committed 46720K, reserved 1114112K
  class space    used 6368K, committed 6656K, reserved 1048576K
}
Event: 53.519 GC heap after
{Heap after GC invocations=22 (full 0):
 garbage-first heap   total 53248K, used 31047K [0x0000000082200000, 0x0000000100000000)
  region size 1024K, 1 young (1024K), 1 survivors (1024K)
 Metaspace       used 46108K, committed 46720K, reserved 1114112K
  class space    used 6368K, committed 6656K, reserved 1048576K
}
Event: 55.773 GC heap before
{Heap before GC invocations=22 (full 0):
 garbage-first heap   total 53248K, used 47431K [0x0000000082200000, 0x0000000100000000)
  region size 1024K, 17 young (17408K), 1 survivors (1024K)
 Metaspace       used 46734K, committed 47360K, reserved 1114112K
  class space    used 6489K, committed 6784K, reserved 1048576K
}
Event: 55.783 GC heap after
{Heap after GC invocations=23 (full 0):
 garbage-first heap   total 53248K, used 31905K [0x0000000082200000, 0x0000000100000000)
  region size 1024K, 3 young (3072K), 3 survivors (3072K)
 Metaspace       used 46734K, committed 47360K, reserved 1114112K
  class space    used 6489K, committed 6784K, reserved 1048576K
}
Event: 57.109 GC heap before
{Heap before GC invocations=23 (full 0):
 garbage-first heap   total 53248K, used 45217K [0x0000000082200000, 0x0000000100000000)
  region size 1024K, 16 young (16384K), 3 survivors (3072K)
 Metaspace       used 47311K, committed 48064K, reserved 1114112K
  class space    used 6584K, committed 6912K, reserved 1048576K
}
Event: 57.118 GC heap after
{Heap after GC invocations=24 (full 0):
 garbage-first heap   total 53248K, used 32922K [0x0000000082200000, 0x0000000100000000)
  region size 1024K, 2 young (2048K), 2 survivors (2048K)
 Metaspace       used 47311K, committed 48064K, reserved 1114112K
  class space    used 6584K, committed 6912K, reserved 1048576K
}

